2021-10-05 15:41:47,538 [INFO] Activator:177 - 


2021-10-05 15:41:47,540 [INFO] Activator:178 - !SESSION log4j initialized
2021-10-05 16:01:46,128 [ERROR] ApiDbMcu:1508 - Can't use Application install path:
2021-10-05 16:01:46,161 [WARN] RulesReader:59 - Compatibility file://mcu/compatibility.xml not found
2021-10-05 16:11:33,453 [INFO] McuFinderGlobals:39 - Set McuFinder mode to 2 (CubeIDE integrated)
2021-10-05 16:11:34,021 [INFO] ApplicationProperties:181 - Using Application install path: /opt/st/stm32cubeide_1.7.0/plugins/com.st.stm32cube.common.mx_6.3.0.202107141111
2021-10-05 16:11:34,039 [INFO] DbMcusXml:74 - Set database path to: /opt/st/stm32cubeide_1.7.0/plugins/com.st.stm32cube.common.mx_6.3.0.202107141111//db//mcu/
2021-10-05 16:11:34,045 [INFO] DbBoardsPdsc:56 - Set plugin database path to: /opt/st/stm32cubeide_1.7.0/plugins/com.st.stm32cube.common.mx_6.3.0.202107141111//db//plugins/boardmanager/
2021-10-05 16:11:34,045 [INFO] DbMcus:258 - Set plugin images path to: /opt/st/stm32cubeide_1.7.0/plugins/com.st.stm32cube.common.mx_6.3.0.202107141111//db//plugins/mcufinder/images/
2021-10-05 16:11:34,046 [INFO] DbBoards:264 - Set plugin images path to: /opt/st/stm32cubeide_1.7.0/plugins/com.st.stm32cube.common.mx_6.3.0.202107141111//db//plugins/mcufinder/images/
2021-10-05 16:11:34,049 [INFO] DbExamples:333 - Set plugin images path to: /opt/st/stm32cubeide_1.7.0/plugins/com.st.stm32cube.common.mx_6.3.0.202107141111//db//plugins/mcufinder/images/
2021-10-05 16:11:34,069 [INFO] DbMcusAds:119 - Set database path to: /home/matheus/.stmcufinder/plugins/mcufinder//mcu/
2021-10-05 16:11:34,072 [INFO] DbMcusDocs:110 - Set database path to: /home/matheus/.stmcufinder/plugins/mcufinder//mcu/
2021-10-05 16:11:34,078 [INFO] DbMcusJson:64 - Set database path to: /home/matheus/.stmcufinder/plugins/mcufinder//mcu/
2021-10-05 16:11:34,081 [INFO] DbBoardsDocs:110 - Set database path to: /home/matheus/.stmcufinder/plugins/mcufinder//mcu/
2021-10-05 16:11:34,095 [INFO] DbBoardsJson:57 - Set database path to: /home/matheus/.stmcufinder/plugins/mcufinder//mcu/
2021-10-05 16:11:34,127 [INFO] CrossReferenceDbSqlite:196 - Set database path to: /home/matheus/.stmcufinder/plugins/mcufinder//mcu/cs/
2021-10-05 16:11:34,134 [INFO] DbExamplesSqlite:767 - Set database path to: /home/matheus/.stmcufinder/plugins/mcufinder//mcu/
2021-10-05 16:11:34,292 [INFO] DbMcusXml:74 - Set database path to: /opt/st/stm32cubeide_1.7.0/plugins/com.st.stm32cube.common.mx_6.3.0.202107141111//db//mcu/
2021-10-05 16:11:34,292 [INFO] DbBoardsPdsc:56 - Set plugin database path to: /opt/st/stm32cubeide_1.7.0/plugins/com.st.stm32cube.common.mx_6.3.0.202107141111//db//plugins/boardmanager/
2021-10-05 16:11:34,293 [INFO] DbMcus:258 - Set plugin images path to: /opt/st/stm32cubeide_1.7.0/plugins/com.st.stm32cube.common.mx_6.3.0.202107141111//db//plugins/mcufinder/images/
2021-10-05 16:11:34,293 [INFO] DbBoards:264 - Set plugin images path to: /opt/st/stm32cubeide_1.7.0/plugins/com.st.stm32cube.common.mx_6.3.0.202107141111//db//plugins/mcufinder/images/
2021-10-05 16:11:34,293 [INFO] DbExamples:333 - Set plugin images path to: /opt/st/stm32cubeide_1.7.0/plugins/com.st.stm32cube.common.mx_6.3.0.202107141111//db//plugins/mcufinder/images/
2021-10-05 16:11:34,293 [WARN] DbFile:35 - Overriding database path with different value: /home/matheus/.stmcufinder/plugins/mcufinder/ => /home/matheus/.stmcufinder/plugins/mcufinder
2021-10-05 16:11:34,293 [INFO] DbMcusAds:119 - Set database path to: /home/matheus/.stmcufinder/plugins/mcufinder//mcu/
2021-10-05 16:11:34,293 [WARN] DbFile:35 - Overriding database path with different value: /home/matheus/.stmcufinder/plugins/mcufinder/ => /home/matheus/.stmcufinder/plugins/mcufinder
2021-10-05 16:11:34,293 [INFO] DbMcusDocs:110 - Set database path to: /home/matheus/.stmcufinder/plugins/mcufinder//mcu/
2021-10-05 16:11:34,293 [WARN] DbFile:35 - Overriding database path with different value: /home/matheus/.stmcufinder/plugins/mcufinder/ => /home/matheus/.stmcufinder/plugins/mcufinder
2021-10-05 16:11:34,293 [INFO] DbMcusJson:64 - Set database path to: /home/matheus/.stmcufinder/plugins/mcufinder//mcu/
2021-10-05 16:11:34,293 [WARN] DbFile:35 - Overriding database path with different value: /home/matheus/.stmcufinder/plugins/mcufinder/ => /home/matheus/.stmcufinder/plugins/mcufinder
2021-10-05 16:11:34,293 [INFO] DbBoardsDocs:110 - Set database path to: /home/matheus/.stmcufinder/plugins/mcufinder//mcu/
2021-10-05 16:11:34,294 [WARN] DbFile:35 - Overriding database path with different value: /home/matheus/.stmcufinder/plugins/mcufinder/ => /home/matheus/.stmcufinder/plugins/mcufinder
2021-10-05 16:11:34,294 [INFO] DbBoardsJson:57 - Set database path to: /home/matheus/.stmcufinder/plugins/mcufinder//mcu/
2021-10-05 16:11:34,294 [WARN] DbFile:35 - Overriding database path with different value: /home/matheus/.stmcufinder/plugins/mcufinder/ => /home/matheus/.stmcufinder/plugins/mcufinder
2021-10-05 16:11:34,294 [WARN] DbFile:35 - Overriding database path with different value: /home/matheus/.stmcufinder/plugins/mcufinder/ => /home/matheus/.stmcufinder/plugins/mcufinder
2021-10-05 16:11:34,294 [INFO] CrossReferenceDbSqlite:196 - Set database path to: /home/matheus/.stmcufinder/plugins/mcufinder//mcu/cs/
2021-10-05 16:11:34,294 [WARN] DbFile:35 - Overriding database path with different value: /home/matheus/.stmcufinder/plugins/mcufinder/ => /home/matheus/.stmcufinder/plugins/mcufinder
2021-10-05 16:11:34,294 [INFO] DbExamplesSqlite:767 - Set database path to: /home/matheus/.stmcufinder/plugins/mcufinder//mcu/
2021-10-05 16:11:34,454 [INFO] MainPanel:214 - HeapMemory: 308281344
2021-10-05 16:11:34,638 [INFO] DbMcusXml:74 - Set database path to: /opt/st/stm32cubeide_1.7.0/plugins/com.st.stm32cube.common.mx_6.3.0.202107141111//db//mcu/
2021-10-05 16:11:34,639 [INFO] DbBoardsPdsc:56 - Set plugin database path to: /opt/st/stm32cubeide_1.7.0/plugins/com.st.stm32cube.common.mx_6.3.0.202107141111//db//plugins/boardmanager/
2021-10-05 16:11:34,639 [INFO] DbMcus:258 - Set plugin images path to: /opt/st/stm32cubeide_1.7.0/plugins/com.st.stm32cube.common.mx_6.3.0.202107141111//db//plugins/mcufinder/images/
2021-10-05 16:11:34,639 [INFO] DbBoards:264 - Set plugin images path to: /opt/st/stm32cubeide_1.7.0/plugins/com.st.stm32cube.common.mx_6.3.0.202107141111//db//plugins/mcufinder/images/
2021-10-05 16:11:34,639 [INFO] DbExamples:333 - Set plugin images path to: /opt/st/stm32cubeide_1.7.0/plugins/com.st.stm32cube.common.mx_6.3.0.202107141111//db//plugins/mcufinder/images/
2021-10-05 16:11:34,640 [WARN] DbFile:35 - Overriding database path with different value: /home/matheus/.stmcufinder/plugins/mcufinder/ => /home/matheus/.stmcufinder/plugins/mcufinder
2021-10-05 16:11:34,640 [INFO] DbMcusAds:119 - Set database path to: /home/matheus/.stmcufinder/plugins/mcufinder//mcu/
2021-10-05 16:11:34,641 [WARN] DbFile:35 - Overriding database path with different value: /home/matheus/.stmcufinder/plugins/mcufinder/ => /home/matheus/.stmcufinder/plugins/mcufinder
2021-10-05 16:11:34,641 [INFO] DbMcusDocs:110 - Set database path to: /home/matheus/.stmcufinder/plugins/mcufinder//mcu/
2021-10-05 16:11:34,641 [WARN] DbFile:35 - Overriding database path with different value: /home/matheus/.stmcufinder/plugins/mcufinder/ => /home/matheus/.stmcufinder/plugins/mcufinder
2021-10-05 16:11:34,641 [INFO] DbMcusJson:64 - Set database path to: /home/matheus/.stmcufinder/plugins/mcufinder//mcu/
2021-10-05 16:11:34,642 [WARN] DbFile:35 - Overriding database path with different value: /home/matheus/.stmcufinder/plugins/mcufinder/ => /home/matheus/.stmcufinder/plugins/mcufinder
2021-10-05 16:11:34,642 [INFO] DbBoardsDocs:110 - Set database path to: /home/matheus/.stmcufinder/plugins/mcufinder//mcu/
2021-10-05 16:11:34,642 [WARN] DbFile:35 - Overriding database path with different value: /home/matheus/.stmcufinder/plugins/mcufinder/ => /home/matheus/.stmcufinder/plugins/mcufinder
2021-10-05 16:11:34,643 [INFO] DbBoardsJson:57 - Set database path to: /home/matheus/.stmcufinder/plugins/mcufinder//mcu/
2021-10-05 16:11:34,643 [WARN] DbFile:35 - Overriding database path with different value: /home/matheus/.stmcufinder/plugins/mcufinder/ => /home/matheus/.stmcufinder/plugins/mcufinder
2021-10-05 16:11:34,643 [WARN] DbFile:35 - Overriding database path with different value: /home/matheus/.stmcufinder/plugins/mcufinder/ => /home/matheus/.stmcufinder/plugins/mcufinder
2021-10-05 16:11:34,643 [INFO] CrossReferenceDbSqlite:196 - Set database path to: /home/matheus/.stmcufinder/plugins/mcufinder//mcu/cs/
2021-10-05 16:11:34,643 [WARN] DbFile:35 - Overriding database path with different value: /home/matheus/.stmcufinder/plugins/mcufinder/ => /home/matheus/.stmcufinder/plugins/mcufinder
2021-10-05 16:11:34,644 [INFO] DbExamplesSqlite:767 - Set database path to: /home/matheus/.stmcufinder/plugins/mcufinder//mcu/
2021-10-05 16:11:34,663 [INFO] ApplicationProperties:181 - Using Application install path: /opt/st/stm32cubeide_1.7.0/plugins/com.st.stm32cube.common.mx_6.3.0.202107141111
2021-10-05 16:11:34,665 [INFO] PluginManage:188 - Search for loadable plugins [exclusion list=, ]
2021-10-05 16:11:34,666 [INFO] PluginManage:302 - Check plugin analytics
2021-10-05 16:11:34,827 [INFO] AnalyticsPlugin:257 - Accepted Software Licenses: 
2021-10-05 16:11:34,827 [INFO] AnalyticsPlugin:259 - Accepted CMSIS Pack Licenses: 
2021-10-05 16:11:34,827 [INFO] AnalyticsPlugin:261 - Accepted Firmware Licenses: 
2021-10-05 16:11:34,828 [INFO] PluginManage:352 - Loaded plugin analytics (category:tool,tabindex:-1)
2021-10-05 16:11:34,828 [INFO] PluginManage:302 - Check plugin clock
2021-10-05 16:11:34,862 [INFO] PluginManage:352 - Loaded plugin clock (category:base,tabindex:2)
2021-10-05 16:11:34,862 [INFO] PluginManage:302 - Check plugin ddr
2021-10-05 16:11:34,870 [INFO] PluginManage:352 - Loaded plugin ddr (category:tool,tabindex:6)
2021-10-05 16:11:34,870 [INFO] PluginManage:302 - Check plugin filemanager
2021-10-05 16:11:35,026 [INFO] PluginManage:352 - Loaded plugin filemanager (category:base,tabindex:10)
2021-10-05 16:11:35,026 [INFO] PluginManage:302 - Check plugin ipmanager
2021-10-05 16:11:35,047 [INFO] PluginManage:352 - Loaded plugin ipmanager (category:base,tabindex:5)
2021-10-05 16:11:35,048 [INFO] PluginManage:302 - Check plugin pinoutandconfiguration
2021-10-05 16:11:35,066 [INFO] PluginManage:352 - Loaded plugin pinoutandconfiguration (category:base,tabindex:1)
2021-10-05 16:11:35,066 [INFO] PluginManage:302 - Check plugin pinoutconfig
2021-10-05 16:11:35,119 [INFO] PluginManage:352 - Loaded plugin pinoutconfig (category:base,tabindex:0)
2021-10-05 16:11:35,119 [INFO] PluginManage:302 - Check plugin power
2021-10-05 16:11:35,155 [INFO] PluginManage:352 - Loaded plugin power (category:power,tabindex:4)
2021-10-05 16:11:35,156 [INFO] PluginManage:302 - Check plugin projectmanager
2021-10-05 16:11:35,176 [INFO] PluginManage:352 - Loaded plugin projectmanager (category:projectmanager,tabindex:3)
2021-10-05 16:11:35,176 [INFO] PluginManage:302 - Check plugin thirdparty
2021-10-05 16:11:35,418 [WARN] IntegrityCheckThread:78 - waiting for thirdparty lock release [integrity check]
2021-10-05 16:11:35,419 [INFO] IntegrityCheckThread:80 - entering critical section [integrity check]
2021-10-05 16:11:35,418 [INFO] PluginManage:352 - Loaded plugin thirdparty (category:base,tabindex:-1)
2021-10-05 16:11:35,419 [INFO] ThirdPartyUpdaterWithRetryManager:66 - Updater plugin not ready yet. [1/15]
2021-10-05 16:11:35,419 [INFO] PluginManage:302 - Check plugin tools
2021-10-05 16:11:35,431 [INFO] PluginManage:352 - Loaded plugin tools (category:base,tabindex:7)
2021-10-05 16:11:35,431 [INFO] PluginManage:302 - Check plugin tutovideos
2021-10-05 16:11:35,659 [INFO] PluginManage:352 - Loaded plugin tutovideos (category:base,tabindex:-1)
2021-10-05 16:11:35,660 [INFO] PluginManage:302 - Check plugin updater
2021-10-05 16:11:35,686 [INFO] PluginManage:352 - Loaded plugin updater (category:base,tabindex:12)
2021-10-05 16:11:35,687 [INFO] PluginManage:275 - PluginManage : Loaded plugins [13]
2021-10-05 16:11:35,913 [INFO] PinOutPanel:1463 - setPackage(No Configuration,No Configuration)
2021-10-05 16:11:36,003 [INFO] IPUIPlugin:74 - create IPUIPlugin
2021-10-05 16:11:36,003 [INFO] PluginManager:213 - loadIPPluginJar : add usart
2021-10-05 16:11:36,010 [INFO] IPUIPlugin:74 - create IPUIPlugin
2021-10-05 16:11:36,010 [INFO] PluginManager:213 - loadIPPluginJar : add i2c
2021-10-05 16:11:36,011 [INFO] IPUIPlugin:74 - create IPUIPlugin
2021-10-05 16:11:36,011 [INFO] PluginManager:213 - loadIPPluginJar : add genericplugin
2021-10-05 16:11:36,049 [INFO] IPUIPlugin:74 - create IPUIPlugin
2021-10-05 16:11:36,052 [INFO] PluginManager:213 - loadIPPluginJar : add plateformsettings
2021-10-05 16:11:36,084 [INFO] IPUIPlugin:74 - create IPUIPlugin
2021-10-05 16:11:36,084 [INFO] PluginManager:213 - loadIPPluginJar : add fatfs
2021-10-05 16:11:36,097 [INFO] IPUIPlugin:74 - create IPUIPlugin
2021-10-05 16:11:36,097 [INFO] PluginManager:213 - loadIPPluginJar : add fmc
2021-10-05 16:11:36,137 [INFO] IPUIPlugin:74 - create IPUIPlugin
2021-10-05 16:11:36,138 [INFO] PluginManager:213 - loadIPPluginJar : add dma
2021-10-05 16:11:36,144 [INFO] IPUIPlugin:74 - create IPUIPlugin
2021-10-05 16:11:36,145 [INFO] PluginManager:213 - loadIPPluginJar : add spi
2021-10-05 16:11:36,164 [INFO] IPUIPlugin:74 - create IPUIPlugin
2021-10-05 16:11:36,164 [INFO] PluginManager:213 - loadIPPluginJar : add gpio
2021-10-05 16:11:36,199 [INFO] IPUIPlugin:74 - create IPUIPlugin
2021-10-05 16:11:36,200 [INFO] PluginManager:213 - loadIPPluginJar : add opamp
2021-10-05 16:11:36,204 [INFO] IPUIPlugin:74 - create IPUIPlugin
2021-10-05 16:11:36,204 [INFO] PluginManager:213 - loadIPPluginJar : add comp
2021-10-05 16:11:36,221 [INFO] IPUIPlugin:74 - create IPUIPlugin
2021-10-05 16:11:36,221 [INFO] PluginManager:213 - loadIPPluginJar : add pdm2pcm
2021-10-05 16:11:36,225 [INFO] IPUIPlugin:74 - create IPUIPlugin
2021-10-05 16:11:36,225 [INFO] PluginManager:213 - loadIPPluginJar : add gtzc
2021-10-05 16:11:36,227 [INFO] IPUIPlugin:74 - create IPUIPlugin
2021-10-05 16:11:36,228 [INFO] PluginManager:213 - loadIPPluginJar : add ltdc
2021-10-05 16:11:36,231 [INFO] IPUIPlugin:74 - create IPUIPlugin
2021-10-05 16:11:36,231 [INFO] PluginManager:213 - loadIPPluginJar : add dma3
2021-10-05 16:11:36,234 [INFO] IPUIPlugin:74 - create IPUIPlugin
2021-10-05 16:11:36,235 [INFO] PluginManager:213 - loadIPPluginJar : add dfsdm
2021-10-05 16:11:36,239 [INFO] IPUIPlugin:74 - create IPUIPlugin
2021-10-05 16:11:36,239 [INFO] PluginManager:213 - loadIPPluginJar : add sai
2021-10-05 16:11:36,242 [INFO] IPUIPlugin:74 - create IPUIPlugin
2021-10-05 16:11:36,243 [INFO] PluginManager:213 - loadIPPluginJar : add lorawan
2021-10-05 16:11:36,245 [INFO] IPUIPlugin:74 - create IPUIPlugin
2021-10-05 16:11:36,246 [INFO] PluginManager:213 - loadIPPluginJar : add tsc
2021-10-05 16:11:36,253 [INFO] IPUIPlugin:74 - create IPUIPlugin
2021-10-05 16:11:36,254 [INFO] PluginManager:213 - loadIPPluginJar : add gic
2021-10-05 16:11:36,255 [INFO] IPUIPlugin:74 - create IPUIPlugin
2021-10-05 16:11:36,256 [INFO] PluginManager:213 - loadIPPluginJar : add quadspi
2021-10-05 16:11:36,262 [INFO] IPUIPlugin:74 - create IPUIPlugin
2021-10-05 16:11:36,262 [INFO] PluginManager:213 - loadIPPluginJar : add linkedlist
2021-10-05 16:11:36,297 [INFO] IPUIPlugin:74 - create IPUIPlugin
2021-10-05 16:11:36,297 [INFO] PluginManager:213 - loadIPPluginJar : add ipddr
2021-10-05 16:11:36,299 [INFO] IPUIPlugin:74 - create IPUIPlugin
2021-10-05 16:11:36,299 [INFO] PluginManager:213 - loadIPPluginJar : add can
2021-10-05 16:11:36,329 [INFO] IPUIPlugin:74 - create IPUIPlugin
2021-10-05 16:11:36,330 [INFO] PluginManager:213 - loadIPPluginJar : add resmgrutility
2021-10-05 16:11:36,336 [INFO] IPUIPlugin:74 - create IPUIPlugin
2021-10-05 16:11:36,336 [INFO] PluginManager:213 - loadIPPluginJar : add adc
2021-10-05 16:11:36,351 [INFO] IPUIPlugin:74 - create IPUIPlugin
2021-10-05 16:11:36,351 [INFO] PluginManager:213 - loadIPPluginJar : add nvic
2021-10-05 16:11:36,353 [INFO] IPUIPlugin:74 - create IPUIPlugin
2021-10-05 16:11:36,353 [INFO] PluginManager:213 - loadIPPluginJar : add tracer_emb
2021-10-05 16:11:36,356 [INFO] IPUIPlugin:74 - create IPUIPlugin
2021-10-05 16:11:36,356 [INFO] PluginManager:213 - loadIPPluginJar : add cryp
2021-10-05 16:11:36,358 [INFO] IPUIPlugin:74 - create IPUIPlugin
2021-10-05 16:11:36,359 [INFO] PluginManager:213 - loadIPPluginJar : add ts
2021-10-05 16:11:36,361 [INFO] IPUIPlugin:74 - create IPUIPlugin
2021-10-05 16:11:36,361 [INFO] PluginManager:213 - loadIPPluginJar : add gfxmmu
2021-10-05 16:11:36,374 [INFO] IPUIPlugin:74 - create IPUIPlugin
2021-10-05 16:11:36,375 [INFO] PluginManager:213 - loadIPPluginJar : add mdma
2021-10-05 16:11:36,380 [INFO] IPUIPlugin:74 - create IPUIPlugin
2021-10-05 16:11:36,380 [INFO] PluginManager:213 - loadIPPluginJar : add stm32_wpan
2021-10-05 16:11:36,383 [INFO] IPUIPlugin:74 - create IPUIPlugin
2021-10-05 16:11:36,383 [INFO] PluginManager:213 - loadIPPluginJar : add hash
2021-10-05 16:11:36,386 [INFO] IPUIPlugin:74 - create IPUIPlugin
2021-10-05 16:11:36,386 [INFO] PluginManager:213 - loadIPPluginJar : add i2s
2021-10-05 16:11:36,389 [INFO] IPUIPlugin:74 - create IPUIPlugin
2021-10-05 16:11:36,389 [INFO] PluginManager:213 - loadIPPluginJar : add openamp
2021-10-05 16:11:36,392 [INFO] IPUIPlugin:74 - create IPUIPlugin
2021-10-05 16:11:36,392 [INFO] PluginManager:213 - loadIPPluginJar : add touchsensing
2021-10-05 16:11:36,599 [INFO] IPUIPlugin:74 - create IPUIPlugin
2021-10-05 16:11:36,600 [INFO] PluginManager:213 - loadIPPluginJar : add freertos
2021-10-05 16:11:36,607 [INFO] IPUIPlugin:74 - create IPUIPlugin
2021-10-05 16:11:36,608 [INFO] PluginManager:213 - loadIPPluginJar : add aes
2021-10-05 16:11:36,621 [INFO] IPUIPlugin:74 - create IPUIPlugin
2021-10-05 16:11:36,622 [INFO] PluginManager:213 - loadIPPluginJar : add tim
2021-10-05 16:11:36,627 [INFO] IPUIPlugin:74 - create IPUIPlugin
2021-10-05 16:11:36,628 [INFO] PluginManager:213 - loadIPPluginJar : add ucpd
2021-10-05 16:11:36,633 [INFO] IPUIPlugin:74 - create IPUIPlugin
2021-10-05 16:11:36,633 [INFO] PluginManager:213 - loadIPPluginJar : add usbx
2021-10-05 16:11:36,928 [FATAL] Updater:294 - Updater called before beeing initialized
2021-10-05 16:11:37,039 [FATAL] Updater:294 - Updater called before beeing initialized
2021-10-05 16:11:37,043 [INFO] DbMcusAds:47 - JSON generation date=Thu Sep 30 03:55:10 BRT 2021 (1632984910476)
2021-10-05 16:11:37,044 [FATAL] Updater:294 - Updater called before beeing initialized
2021-10-05 16:11:37,210 [WARN] DetailPanel:314 - Failed to get advertising image, set to default
2021-10-05 16:11:37,321 [FATAL] Updater:294 - Updater called before beeing initialized
2021-10-05 16:11:37,323 [FATAL] Updater:294 - Updater called before beeing initialized
2021-10-05 16:11:37,323 [FATAL] Updater:294 - Updater called before beeing initialized
2021-10-05 16:11:37,323 [WARN] DetailPanel:314 - Failed to get advertising image, set to default
2021-10-05 16:11:37,324 [FATAL] Updater:294 - Updater called before beeing initialized
2021-10-05 16:11:37,376 [ERROR] Updater:1075 - MainUpdater not yet initialized. External WinMGr cannot be set.
2021-10-05 16:11:37,384 [INFO] Updater:1012 - Updater Version found : 6.3.0
2021-10-05 16:11:37,400 [INFO] ApplicationProperties:181 - Using Application install path: /opt/st/stm32cubeide_1.7.0/plugins/com.st.stm32cube.common.mx_6.3.0.202107141111
2021-10-05 16:11:37,794 [INFO] MainUpdater:2671 - connection check result : 10
2021-10-05 16:11:37,795 [INFO] MainUpdater:265 - Updater Check For Update Now.
2021-10-05 16:11:37,796 [INFO] MicroXplorer:478 - Change Database Version : DB.6.0.30
2021-10-05 16:11:38,016 [INFO] CheckServerUpdateThread:112 - End of CheckServer Thread
2021-10-05 16:11:38,115 [INFO] MainUpdater:2671 - connection check result : 10
2021-10-05 16:11:38,539 [WARN] PackLoader:238 - Cannot read IP mode file for RoweBots.I-CUBE-UNISONRTOS.5.5.0-4
2021-10-05 16:11:38,667 [INFO] McuFinderGlobals:52 - Set McuFinderConnectedMode to false
2021-10-05 16:11:38,727 [INFO] CrossSelectorPresenter:1330 - Cross Selector saved comparison directory: /home/matheus/.stmcufinder/plugins/mcufinder/mcu/cs_comparisons_mx
2021-10-05 16:11:38,732 [INFO] MultiScanPanel:197 - Auto-refresh data requested => check proxy status ongoing
2021-10-05 16:11:38,732 [INFO] MultiScanPanel:201 - Proxy status is invalid
2021-10-05 16:11:38,734 [INFO] FinderPluginLoader:87 - Searching for filters in installed packs
2021-10-05 16:11:38,734 [INFO] DbMcusXml:100 - Load MCU database from /opt/st/stm32cubeide_1.7.0/plugins/com.st.stm32cube.common.mx_6.3.0.202107141111//db//mcu/families.xml
2021-10-05 16:11:38,742 [WARN] PackLoader:238 - Cannot read IP mode file for STMicroelectronics.X-CUBE-MEMS1.9.0.0
2021-10-05 16:11:38,958 [WARN] PackLoader:238 - Cannot read IP mode file for SEGGER.I-CUBE-embOS.1.2.0
2021-10-05 16:11:39,023 [WARN] PackLoader:238 - Cannot read IP mode file for STMicroelectronics.X-CUBE-BLE1.6.2.1
2021-10-05 16:11:39,038 [WARN] PackLoader:238 - Cannot read IP mode file for STMicroelectronics.X-CUBE-BLE2.3.2.1
2021-10-05 16:11:39,070 [WARN] PackLoader:238 - Cannot read IP mode file for STMicroelectronics.X-CUBE-NFC4.2.0.3
2021-10-05 16:11:39,082 [WARN] PackLoader:238 - Cannot read IP mode file for wolfSSL.I-CUBE-wolfSSL.4.8.0
2021-10-05 16:11:39,086 [WARN] PackLoader:238 - Cannot read IP mode file for STMicroelectronics.X-CUBE-TOUCHGFX.4.17.0
2021-10-05 16:11:39,094 [WARN] PackLoader:238 - Cannot read IP mode file for STMicroelectronics.X-CUBE-SFXS2LP1.3.1.0
2021-10-05 16:11:39,121 [WARN] PackLoader:238 - Cannot read IP mode file for STMicroelectronics.X-CUBE-AZRTOS-F4.1.0.0
2021-10-05 16:11:39,150 [WARN] PackLoader:238 - Cannot read IP mode file for STMicroelectronics.X-CUBE-AZRTOS-H7.2.0.0
2021-10-05 16:11:39,200 [WARN] PackLoader:238 - Cannot read IP mode file for STMicroelectronics.X-CUBE-AZRTOS-L4.1.0.0
2021-10-05 16:11:39,218 [WARN] PackLoader:238 - Cannot read IP mode file for STMicroelectronics.X-CUBE-TOF1.2.0.0
2021-10-05 16:11:39,235 [WARN] PackLoader:238 - Cannot read IP mode file for STMicroelectronics.X-CUBE-SUBG2.4.2.0
2021-10-05 16:11:39,243 [WARN] PackLoader:238 - Cannot read IP mode file for STMicroelectronics.X-CUBE-ALS.1.0.1
2021-10-05 16:11:39,246 [WARN] PackLoader:238 - Cannot read IP mode file for STMicroelectronics.X-CUBE-AI.7.0.0
2021-10-05 16:11:39,266 [WARN] PackLoader:238 - Cannot read IP mode file for STMicroelectronics.X-CUBE-ALGOBUILD.1.2.1
2021-10-05 16:11:39,268 [WARN] PackLoader:238 - Cannot read IP mode file for STMicroelectronics.X-CUBE-DISPLAY.1.0.0
2021-10-05 16:11:39,278 [WARN] PackLoader:238 - Cannot read IP mode file for STMicroelectronics.X-CUBE-EEPRMA1.3.1.0
2021-10-05 16:11:39,291 [WARN] PackLoader:238 - Cannot read IP mode file for STMicroelectronics.X-CUBE-GNSS1.5.2.0
2021-10-05 16:11:39,292 [INFO] ThirdParty:915 - Integrity check success = true
2021-10-05 16:11:39,292 [INFO] IntegrityCheckThread:94 - exiting critical section [integrity check]
2021-10-05 16:11:39,293 [INFO] IntegrityCheckThread:97 - End integrity checks thread
2021-10-05 16:11:39,702 [INFO] DbMcusJson:93 - JSON generation date=Mon Jun 07 05:53:21 BRT 2021 (1623056001)
2021-10-05 16:11:40,316 [INFO] DbMcus:175 - Found 1951 MCUs (1903 are supported by CubeMX, 1903 are visible in CubeMX)
2021-10-05 16:11:40,316 [INFO] ApiDb:242 - User favorites file not found: /home/matheus/.stm32cubeide/favorites.mcus.txt
2021-10-05 16:11:40,317 [INFO] DbMcus:187 - Set 0 / 0 favorites MCUs
2021-10-05 16:11:40,893 [INFO] DetailPanel:309 - Set advertising image to /home/matheus/STM32Cube/Repository//en.Prom_NBSTM32U50921.jpg
2021-10-05 16:11:41,464 [INFO] DbBoardsPdsc:90 - Found 2 items
2021-10-05 16:11:41,494 [INFO] DbBoardsPdsc:90 - Found 48 items
2021-10-05 16:11:41,495 [INFO] DbBoardsPdsc:90 - Found 1 items
2021-10-05 16:11:41,497 [INFO] DbBoardsPdsc:90 - Found 25 items
2021-10-05 16:11:41,498 [INFO] DbBoardsPdsc:90 - Found 9 items
2021-10-05 16:11:41,524 [INFO] DbBoardsPdsc:90 - Found 5 items
2021-10-05 16:11:41,526 [INFO] DbBoardsPdsc:90 - Found 33 items
2021-10-05 16:11:41,552 [INFO] DbBoardsPdsc:90 - Found 43 items
2021-10-05 16:11:41,555 [WARN] DbBoardsPdsc:254 - Board STM32H7B3I-DK: unknown feature type=Audio, name=, username=Audio stereo codec with Headphone Amp (CS42L51-CNZ), n=1
2021-10-05 16:11:41,556 [WARN] DbBoardsPdsc:254 - Board STM32H735G-DK: unknown feature type=Audio, name=, username=Audio stereo codec with Headphone Amp (WM8994ECS/R), n=1
2021-10-05 16:11:41,559 [WARN] DbBoardsPdsc:254 - Board STM32H7B3I-EVAL: unknown feature type=Audio, name=, username=Multi-Channel Audio Codec (CS42L51-CNZ), n=1
2021-10-05 16:11:41,559 [WARN] DbBoardsPdsc:254 - Board STM32H7B3I-EVAL: unknown feature type=Meter, name=, username=Power-metering and Temperature-monitoring with sigma-delta modulators, n=1
2021-10-05 16:11:41,559 [WARN] DbBoardsPdsc:254 - Board STM32H7B3I-EVAL: unknown feature type=Motor, name=, username=Motor Control, n=1
2021-10-05 16:11:41,560 [WARN] DbBoardsPdsc:254 - Board STM32U575I-EV: unknown feature type=joystick, name=, username=4-direction joystick with selection button, n=1
2021-10-05 16:11:41,590 [INFO] DbBoardsJson:86 - JSON generation date=Tue Jun 01 02:52:40 BRT 2021 (1622526760)
2021-10-05 16:11:41,598 [INFO] DbBoards:117 - Found 166 boards (163 are supported by CubeMX)
2021-10-05 16:11:41,608 [INFO] DbBoardsDocs:143 - JSON generation date=Tue Jun 01 02:52:40 BRT 2021 (1622526760)
2021-10-05 16:11:41,627 [INFO] DbBoardsDocs:79 - Found 193 boards documents
2021-10-05 16:11:41,627 [WARN] DbBoards:127 - board B-L462E-CELL1 has no document id list !
2021-10-05 16:11:41,628 [WARN] DbBoards:127 - board B-L475E-IOT01A2 has no document id list !
2021-10-05 16:11:41,628 [WARN] DbBoards:127 - board B-U585I-IOT02A has no document id list !
2021-10-05 16:11:41,628 [WARN] DbBoards:127 - board NUCLEO-G0B1RE has no document id list !
2021-10-05 16:11:41,629 [WARN] DbBoards:127 - board NUCLEO-H743ZI has no document id list !
2021-10-05 16:11:41,629 [WARN] DbBoards:127 - board NUCLEO-L4A6ZG has no document id list !
2021-10-05 16:11:41,629 [WARN] DbBoards:127 - board NUCLEO-U575ZI-Q has no document id list !
2021-10-05 16:11:41,629 [WARN] DbBoards:127 - board NUCLEO-WB15CC has no document id list !
2021-10-05 16:11:41,629 [WARN] DbBoards:127 - board NUCLEO-WB55RG has no document id list !
2021-10-05 16:11:41,629 [WARN] DbBoards:127 - board NUCLEO-WL55JC2 has no document id list !
2021-10-05 16:11:41,630 [WARN] DbBoards:127 - board P-NUCLEO-WB55-Nucleo has no document id list !
2021-10-05 16:11:41,630 [WARN] DbBoards:127 - board P-NUCLEO-WB55-USBDongle has no document id list !
2021-10-05 16:11:41,630 [WARN] DbBoards:127 - board STEVAL-BFA001V1B has no document id list !
2021-10-05 16:11:41,630 [WARN] DbBoards:127 - board STEVAL-BFA001V2B has no document id list !
2021-10-05 16:11:41,630 [WARN] DbBoards:127 - board STEVAL-IDP005V1 has no document id list !
2021-10-05 16:11:41,630 [WARN] DbBoards:127 - board STEVAL-IDP005V2 has no document id list !
2021-10-05 16:11:41,630 [WARN] DbBoards:127 - board STEVAL-MKSBOX1V1 has no document id list !
2021-10-05 16:11:41,630 [WARN] DbBoards:127 - board STEVAL-STWINKT1 has no document id list !
2021-10-05 16:11:41,630 [WARN] DbBoards:127 - board STEVAL-STWINKT1B has no document id list !
2021-10-05 16:11:41,630 [WARN] DbBoards:127 - board STM32F401C-DISCO has no document id list !
2021-10-05 16:11:41,631 [WARN] DbBoards:127 - board STM32F769I-DISC1 has no document id list !
2021-10-05 16:11:41,631 [WARN] DbBoards:127 - board STM32G0C1E-EV has no document id list !
2021-10-05 16:11:41,631 [WARN] DbBoards:127 - board STM32G474E-EVAL1 has no document id list !
2021-10-05 16:11:41,632 [WARN] DbBoards:127 - board STM32H743I-EVAL2 has no document id list !
2021-10-05 16:11:41,632 [WARN] DbBoards:127 - board STM32H747I-DISC1 has no document id list !
2021-10-05 16:11:41,632 [WARN] DbBoards:127 - board STM32H753I-EVAL2 has no document id list !
2021-10-05 16:11:41,632 [WARN] DbBoards:127 - board STM32L-DISCOVERY has no document id list !
2021-10-05 16:11:41,633 [WARN] DbBoards:127 - board STM32MP157A-DK1 has no document id list !
2021-10-05 16:11:41,633 [WARN] DbBoards:127 - board STM32MP157D-DK1 has no document id list !
2021-10-05 16:11:41,633 [WARN] DbBoards:127 - board STM32MP157D-EV1 has no document id list !
2021-10-05 16:11:41,633 [WARN] DbBoards:127 - board STM32MP157F-DK2 has no document id list !
2021-10-05 16:11:41,633 [WARN] DbBoards:127 - board STM32MP157F-EV1 has no document id list !
2021-10-05 16:11:41,633 [WARN] DbBoards:127 - board STM32U575I-EV has no document id list !
2021-10-05 16:11:41,633 [WARN] DbBoards:127 - board STM32WB5MM-DK has no document id list !
2021-10-05 16:11:44,378 [ERROR] DbBoards:189 - Image file not found for board STM32U575I-EV: /opt/st/stm32cubeide_1.7.0/plugins/com.st.stm32cube.common.mx_6.3.0.202107141111//db//plugins/mcufinder/images/boards/stm32u575i-ev_small.jpg
2021-10-05 16:11:44,457 [INFO] ApiDb:242 - User favorites file not found: /home/matheus/.stm32cubeide/favorites.boards.txt
2021-10-05 16:11:44,457 [INFO] DbBoards:206 - Set 0 / 0 favorites Boards
2021-10-05 16:11:44,836 [INFO] MultiScanPanel:197 - Auto-refresh data requested => check proxy status ongoing
2021-10-05 16:11:44,836 [INFO] MultiScanPanel:201 - Proxy status is invalid
2021-10-05 16:11:44,890 [INFO] DetailPanel:309 - Set advertising image to /home/matheus/STM32Cube/Repository//en.Prom_NBSTM32U50921.jpg
2021-10-05 16:11:44,978 [INFO] MultiScanPanel:197 - Auto-refresh data requested => check proxy status ongoing
2021-10-05 16:11:44,979 [INFO] MultiScanPanel:201 - Proxy status is invalid
2021-10-05 16:11:45,088 [INFO] ApiDb:479 - Connected to CubeFinder SQLite database (/home/matheus/.stmcufinder/plugins/mcufinder/mcu/cube-finder-db.db)
2021-10-05 16:11:45,543 [INFO] DbExamplesSqlite:411 - Ignored 49 examples not supported by CubeIDE
2021-10-05 16:11:45,543 [INFO] DbExamplesSqlite:412 - Found 5419 examples active
2021-10-05 16:11:45,543 [INFO] DbExamplesSqlite:413 - Found 0 examples obsolete
2021-10-05 16:11:45,543 [INFO] DbExamplesSqlite:414 - Found 0 examples under development
2021-10-05 16:11:45,543 [INFO] DbExamplesSqlite:415 - Found 110 examples not building
2021-10-05 16:11:45,550 [INFO] DbExamplesSqlite:108 - CubeFinder database Data Model version=2.1
2021-10-05 16:11:45,550 [INFO] DbExamplesSqlite:109 - CubeFinder database Configuration version=3.0.11
2021-10-05 16:11:45,550 [INFO] DbExamplesSqlite:110 - CubeFinder database generation date=2021-08-20 (1629453029)
2021-10-05 16:11:45,551 [INFO] DbExamplesSqlite:111 - CubeFinder database FW Pack versions=[STM32Cube_FW_F4_V1.26.2, STM32Cube_FW_F7_V1.16.1, STM32Cube_FW_G0_V1.5.0, STM32Cube_FW_G4_V1.4.0, STM32Cube_FW_H7_V1.9.0, STM32Cube_FW_L5_V1.4.0, STM32Cube_FW_U5_V1.0.0, STM32Cube_FW_WB_V1.12.1, STM32Cube_FW_WL_V1.1.0, X-CUBE-ALS_V1.0.1, X-CUBE-AZRTOS-H7_V1.1.0, X-CUBE-BLE1_V6.2.0, X-CUBE-BLE2_V3.2.1, X-CUBE-EEPRMA1_V3.1.0, X-CUBE-GNSS1_V5.2.0, X-CUBE-NFC4_V2.0.3, X-CUBE-SFXS2LP1_V3.1.0]
2021-10-05 16:11:45,551 [INFO] DbExamples:130 - Found 5480 examples
2021-10-05 16:11:46,017 [ERROR] DbExamples:206 - Found 338 examples with invalid data (board or MCU)
2021-10-05 16:11:46,017 [INFO] DbExamples:222 - Found 70 boards with related examples
2021-10-05 16:11:46,028 [INFO] DbExamples:235 - Found 59 MCUs with related examples
2021-10-05 16:11:46,042 [INFO] ApiDb:242 - User favorites file not found: /home/matheus/.stm32cubeide/favorites.examples.txt
2021-10-05 16:11:46,042 [INFO] DbExamples:256 - Set 0 / 0 favorites Examples
2021-10-05 16:11:46,198 [INFO] SoftwarePacks:121 - Download is needed for SW pack 'STM32Cube_FW_F4_V1.26.2'
2021-10-05 16:11:46,199 [INFO] SoftwarePacks:121 - Download is needed for SW pack 'STM32Cube_FW_F7_V1.16.1'
2021-10-05 16:11:46,199 [INFO] SoftwarePacks:121 - Download is needed for SW pack 'STM32Cube_FW_G0_V1.5.0'
2021-10-05 16:11:46,199 [INFO] SoftwarePacks:121 - Download is needed for SW pack 'STM32Cube_FW_G4_V1.4.0'
2021-10-05 16:11:46,199 [INFO] SoftwarePacks:121 - Download is needed for SW pack 'STM32Cube_FW_H7_V1.9.0'
2021-10-05 16:11:46,199 [INFO] SoftwarePacks:121 - Download is needed for SW pack 'STM32Cube_FW_L5_V1.4.0'
2021-10-05 16:11:46,199 [INFO] SoftwarePacks:121 - Download is needed for SW pack 'STM32Cube_FW_U5_V1.0.0'
2021-10-05 16:11:46,199 [INFO] SoftwarePacks:121 - Download is needed for SW pack 'STM32Cube_FW_WB_V1.12.1'
2021-10-05 16:11:46,200 [INFO] SoftwarePacks:121 - Download is needed for SW pack 'STM32Cube_FW_WL_V1.1.0'
2021-10-05 16:11:46,200 [INFO] SoftwarePacks:121 - Download is needed for SW pack 'X-CUBE-ALS_V1.0.1'
2021-10-05 16:11:46,200 [INFO] SoftwarePacks:121 - Download is needed for SW pack 'X-CUBE-AZRTOS-H7_V1.1.0'
2021-10-05 16:11:46,200 [INFO] SoftwarePacks:121 - Download is needed for SW pack 'X-CUBE-BLE1_V6.2.0'
2021-10-05 16:11:46,200 [INFO] SoftwarePacks:121 - Download is needed for SW pack 'X-CUBE-BLE2_V3.2.1'
2021-10-05 16:11:46,200 [INFO] SoftwarePacks:121 - Download is needed for SW pack 'X-CUBE-EEPRMA1_V3.1.0'
2021-10-05 16:11:46,200 [INFO] SoftwarePacks:121 - Download is needed for SW pack 'X-CUBE-GNSS1_V5.2.0'
2021-10-05 16:11:46,200 [INFO] SoftwarePacks:121 - Download is needed for SW pack 'X-CUBE-NFC4_V2.0.3'
2021-10-05 16:11:46,200 [INFO] SoftwarePacks:121 - Download is needed for SW pack 'X-CUBE-SFXS2LP1_V3.1.0'
2021-10-05 16:11:47,164 [INFO] DetailPanel:309 - Set advertising image to /home/matheus/STM32Cube/Repository//en.Prom_NBSTM32U50921.jpg
2021-10-05 16:12:33,539 [INFO] CrossReferenceDbSqlite:236 - SQLite db open (/home/matheus/.stmcufinder/plugins/mcufinder/mcu/cs/crdb.db)
2021-10-05 16:13:17,209 [INFO] McuFinderGlobals:52 - Set McuFinderConnectedMode to true
2021-10-05 16:13:18,042 [INFO] ApiDb:276 - Save user favorites file /home/matheus/.stm32cubeide/favorites.mcus.txt: 0 item(s)
2021-10-05 16:13:18,043 [INFO] ApiDb:280 - User favorites MCUs=[]
2021-10-05 16:13:18,045 [INFO] ApiDb:276 - Save user favorites file /home/matheus/.stm32cubeide/favorites.boards.txt: 0 item(s)
2021-10-05 16:13:18,046 [INFO] ApiDb:280 - User favorites Boards=[]
2021-10-05 16:13:18,050 [INFO] ApiDb:276 - Save user favorites file /home/matheus/.stm32cubeide/favorites.examples.txt: 0 item(s)
2021-10-05 16:13:18,050 [INFO] ApiDb:280 - User favorites Examples=[]
